{
  "0 debug pnpm:scope": {
    "selected": 1
  },
  "1 debug pnpm:package-manifest": {
    "initial": {
      "name": "vue3-org",
      "version": "0.0.15",
      "scripts": {
        "dev": "vite",
        "build": "vite build",
        "build-ku": "node ./build/build.js",
        "serve": "vite preview",
        "deploy": "echo 111",
        "build:components": "node --trace-warnings ./build/build.js",
        "lib": "npm run build:components"
      },
      "peerDependencies": {
        "vue": "^3.2.22"
      },
      "dependencies": {
        "vue-router": "^4.0.11",
        "vue3-org": "^0.0.15"
      },
      "devDependencies": {
        "@commitlint/cli": "^17.0.3",
        "@commitlint/config-conventional": "^17.0.3",
        "@vangle/components": "workspace:*",
        "@vangle/eslint-config": "workspace:*",
        "@vangle/utils": "workspace:*",
        "@vitejs/plugin-vue": "^3.0.0",
        "@vitejs/plugin-vue-jsx": "^2.0.0",
        "@vue/tsconfig": "^0.1.3",
        "chalk": "4.1.0",
        "consola": "^2.15.3",
        "enquirer": "^2.3.6",
        "eslint": "^8.22.0",
        "execa": "4.0.2",
        "fs-extra": "^10.1.0",
        "husky": "^8.0.1",
        "less": "^4.1.3",
        "lint-staged": "^13.0.3",
        "minimist": "^1.2.6",
        "prettier": "^2.7.1",
        "semver": "^7.3.7",
        "typescript": "^4.7.4",
        "unplugin-vue-define-options": "^0.10.0",
        "vite": "^3.0.8",
        "vite-plugin-copy": "^0.1.6",
        "vite-plugin-dts": "^1.4.1",
        "vue": "^3.2.37"
      },
      "description": "This template should help get you started developing with Vue 3 and Typescript in Vite. The template uses Vue 3 `<script setup>` SFCs, check out the [script setup docs](https://v3.vuejs.org/api/sfc-script-setup.html#sfc-script-setup) to learn more.",
      "main": "lib/index.umd.js",
      "module": "lib/index.es.js",
      "author": "",
      "types": "lib/OrgData.d.ts",
      "license": "ISC",
      "files": [
        "es",
        "lib",
        "dist",
        "README.md"
      ]
    },
    "prefix": "/Users/smzdm/Desktop/component/vue3ts"
  },
  "2 debug pnpm:context": {
    "currentLockfileExists": false,
    "storeDir": "/Users/smzdm/.pnpm-store/v3",
    "virtualStoreDir": "/Users/smzdm/Desktop/component/vue3ts/node_modules/.pnpm"
  },
  "3 debug pnpm:stage": {
    "prefix": "/Users/smzdm/Desktop/component/vue3ts",
    "stage": "resolution_started"
  },
  "4 error pnpm": {
    "code": "ERR_PNPM_NO_MATCHING_VERSION_INSIDE_WORKSPACE",
    "pkgsStack": [],
    "err": {
      "name": "pnpm",
      "message": "In : No matching version found for @vangle/components@* inside the workspace",
      "code": "ERR_PNPM_NO_MATCHING_VERSION_INSIDE_WORKSPACE",
      "stack": "pnpm: In : No matching version found for @vangle/components@* inside the workspace\n    at tryResolveFromWorkspace (/Users/smzdm/pnpm-global/5/node_modules/.pnpm/pnpm@6.32.3/node_modules/pnpm/dist/pnpm.cjs:85994:15)\n    at resolveNpm (/Users/smzdm/pnpm-global/5/node_modules/.pnpm/pnpm@6.32.3/node_modules/pnpm/dist/pnpm.cjs:85885:39)\n    at Object.resolve (/Users/smzdm/pnpm-global/5/node_modules/.pnpm/pnpm@6.32.3/node_modules/pnpm/dist/pnpm.cjs:86117:40)\n    at ctx.requestsQueue.add.priority (/Users/smzdm/pnpm-global/5/node_modules/.pnpm/pnpm@6.32.3/node_modules/pnpm/dist/pnpm.cjs:74471:75)\n    at run (/Users/smzdm/pnpm-global/5/node_modules/.pnpm/pnpm@6.32.3/node_modules/pnpm/dist/pnpm.cjs:74187:90)\n    at PQueue._tryToStartAnother (/Users/smzdm/pnpm-global/5/node_modules/.pnpm/pnpm@6.32.3/node_modules/pnpm/dist/pnpm.cjs:74141:13)\n    at /Users/smzdm/pnpm-global/5/node_modules/.pnpm/pnpm@6.32.3/node_modules/pnpm/dist/pnpm.cjs:74200:16\n    at new Promise (<anonymous>)\n    at PQueue.add (/Users/smzdm/pnpm-global/5/node_modules/.pnpm/pnpm@6.32.3/node_modules/pnpm/dist/pnpm.cjs:74182:16)\n    at resolveAndFetch (/Users/smzdm/pnpm-global/5/node_modules/.pnpm/pnpm@6.32.3/node_modules/pnpm/dist/pnpm.cjs:74471:55)"
    }
  }
}